<?xml version="1.0" encoding="UTF-8"?>
<testsuite name="com.neopragma.pointofsale.SkuLookupIT" tests="1" skipped="0" failures="0" errors="0" timestamp="2018-10-09T18:02:23" hostname="Neos-MacBook-Air.local" time="0.011">
  <properties/>
  <testcase name="it_finds_a_valid_sku" classname="com.neopragma.pointofsale.SkuLookupIT" time="0.011"/>
  <system-out><![CDATA[]]></system-out>
  <system-err><![CDATA[]]></system-err>
</testsuite>
