<?xml version="1.0" encoding="UTF-8"?>
<testsuite name="com.neopragma.pointofsale.SkuTest" tests="5" skipped="0" failures="0" errors="0" timestamp="2018-10-09T20:44:06" hostname="Neos-MacBook-Air.local" time="0.006">
  <properties/>
  <testcase name="it_accepts_a_properly_formed_sku" classname="com.neopragma.pointofsale.SkuTest" time="0.001"/>
  <testcase name="it_recognizes_a_nontaxable_sku" classname="com.neopragma.pointofsale.SkuTest" time="0.0"/>
  <testcase name="it_recognizes_a_taxable_sku" classname="com.neopragma.pointofsale.SkuTest" time="0.0"/>
  <testcase name="it_rejects_an_improperly_formed_sku" classname="com.neopragma.pointofsale.SkuTest" time="0.001"/>
  <testcase name="it_returns_the_value_and_description_of_the_sku" classname="com.neopragma.pointofsale.SkuTest" time="0.003"/>
  <system-out><![CDATA[]]></system-out>
  <system-err><![CDATA[]]></system-err>
</testsuite>
