<?xml version="1.0" encoding="UTF-8"?>
<testsuite name="com.neopragma.pointofsale.LineItemTest" tests="2" skipped="0" failures="0" errors="0" timestamp="2018-10-09T18:02:22" hostname="Neos-MacBook-Air.local" time="0.681">
  <properties/>
  <testcase name="it_computes_the_extended_price_non_taxable" classname="com.neopragma.pointofsale.LineItemTest" time="0.679"/>
  <testcase name="it_computes_the_extended_price_with_tax" classname="com.neopragma.pointofsale.LineItemTest" time="0.001"/>
  <system-out><![CDATA[]]></system-out>
  <system-err><![CDATA[Oct 09, 2018 11:02:22 AM org.javamoney.moneta.DefaultMonetaryContextFactory createMonetaryContextNonNullConfig
INFO: Using custom MathContext: precision=256, roundingMode=HALF_EVEN
]]></system-err>
</testsuite>
